[debug] [2021-03-25T13:14:54.596Z] ----------------------------------------------------------------------
[debug] [2021-03-25T13:14:54.598Z] Command:       /usr/local/bin/firebase /Users/xiangyuanshang/.cache/firebase/tools/lib/node_modules/firebase-tools/lib/bin/firebase serve
[debug] [2021-03-25T13:14:54.598Z] CLI Version:   9.6.1
[debug] [2021-03-25T13:14:54.599Z] Platform:      darwin
[debug] [2021-03-25T13:14:54.599Z] Node Version:  v12.18.1
[debug] [2021-03-25T13:14:54.602Z] Time:          Thu Mar 25 2021 21:14:54 GMT+0800 (Singapore Standard Time)
[debug] [2021-03-25T13:14:54.602Z] ----------------------------------------------------------------------
[debug] [2021-03-25T13:14:54.602Z] 
[debug] [2021-03-25T13:14:54.609Z] > command requires scopes: ["email","openid","https://www.googleapis.com/auth/cloudplatformprojects.readonly","https://www.googleapis.com/auth/firebase","https://www.googleapis.com/auth/cloud-platform"]
[debug] [2021-03-25T13:14:54.610Z] > authorizing via signed-in user
[debug] [2021-03-25T13:14:54.610Z] [iam] checking project escproject-fdba0 for permissions ["firebase.projects.get"]
[debug] [2021-03-25T13:14:54.613Z] > refreshing access token with scopes: ["email","https://www.googleapis.com/auth/cloud-platform","https://www.googleapis.com/auth/cloudplatformprojects.readonly","https://www.googleapis.com/auth/firebase","openid"]
[debug] [2021-03-25T13:14:54.613Z] >>> HTTP REQUEST POST https://www.googleapis.com/oauth2/v3/token  
 <request body omitted>
[debug] [2021-03-25T13:14:54.969Z] <<< HTTP RESPONSE 200 {"date":"Thu, 25 Mar 2021 13:14:54 GMT","cache-control":"no-cache, no-store, max-age=0, must-revalidate","expires":"Mon, 01 Jan 1990 00:00:00 GMT","pragma":"no-cache","content-type":"application/json; charset=utf-8","vary":"X-Origin, Referer, Origin,Accept-Encoding","server":"scaffolding on HTTPServer2","x-xss-protection":"0","x-frame-options":"SAMEORIGIN","x-content-type-options":"nosniff","alt-svc":"h3-29=\":443\"; ma=2592000,h3-T051=\":443\"; ma=2592000,h3-Q050=\":443\"; ma=2592000,h3-Q046=\":443\"; ma=2592000,h3-Q043=\":443\"; ma=2592000,quic=\":443\"; ma=2592000; v=\"46,43\"","accept-ranges":"none","transfer-encoding":"chunked"}
[debug] [2021-03-25T13:14:54.985Z] >>> HTTP REQUEST POST https://cloudresourcemanager.googleapis.com/v1/projects/escproject-fdba0:testIamPermissions  
 {"permissions":["firebase.projects.get"]}
[debug] [2021-03-25T13:14:56.137Z] <<< HTTP RESPONSE 200 {"content-type":"application/json; charset=UTF-8","vary":"X-Origin, Referer, Origin,Accept-Encoding","date":"Thu, 25 Mar 2021 13:14:56 GMT","server":"ESF","cache-control":"private","x-xss-protection":"0","x-frame-options":"SAMEORIGIN","x-content-type-options":"nosniff","server-timing":"gfet4t7; dur=1112","alt-svc":"h3-29=\":443\"; ma=2592000,h3-T051=\":443\"; ma=2592000,h3-Q050=\":443\"; ma=2592000,h3-Q046=\":443\"; ma=2592000,h3-Q043=\":443\"; ma=2592000,quic=\":443\"; ma=2592000; v=\"46,43\"","accept-ranges":"none","transfer-encoding":"chunked"}
[debug] [2021-03-25T13:14:56.139Z] > refreshing access token with scopes: []
[debug] [2021-03-25T13:14:56.139Z] >>> HTTP REQUEST POST https://www.googleapis.com/oauth2/v3/token  
 <request body omitted>
[debug] [2021-03-25T13:14:56.438Z] <<< HTTP RESPONSE 200 {"pragma":"no-cache","date":"Thu, 25 Mar 2021 13:14:56 GMT","expires":"Mon, 01 Jan 1990 00:00:00 GMT","cache-control":"no-cache, no-store, max-age=0, must-revalidate","content-type":"application/json; charset=utf-8","vary":"X-Origin, Referer, Origin,Accept-Encoding","server":"scaffolding on HTTPServer2","x-xss-protection":"0","x-frame-options":"SAMEORIGIN","x-content-type-options":"nosniff","alt-svc":"h3-29=\":443\"; ma=2592000,h3-T051=\":443\"; ma=2592000,h3-Q050=\":443\"; ma=2592000,h3-Q046=\":443\"; ma=2592000,h3-Q043=\":443\"; ma=2592000,quic=\":443\"; ma=2592000; v=\"46,43\"","accept-ranges":"none","transfer-encoding":"chunked"}
[debug] [2021-03-25T13:14:56.453Z] >>> [apiv2][query] GET https://firebase.googleapis.com/v1beta1/projects/escproject-fdba0 [none]
[debug] [2021-03-25T13:14:56.734Z] <<< [apiv2][status] GET https://firebase.googleapis.com/v1beta1/projects/escproject-fdba0 200
[debug] [2021-03-25T13:14:56.734Z] <<< [apiv2][body] GET https://firebase.googleapis.com/v1beta1/projects/escproject-fdba0 {"projectId":"escproject-fdba0","projectNumber":"639100449155","displayName":"ESCProject","name":"projects/escproject-fdba0","resources":{"hostingSite":"escproject-fdba0","realtimeDatabaseInstance":"escproject-fdba0-default-rtdb","storageBucket":"escproject-fdba0.appspot.com","locationId":"asia-southeast2"},"state":"ACTIVE"}
[info] 
[info] === Serving from '/Users/xiangyuanshang/Documents/GitHub/ESC-C1G1-Project'...
[info] 
[debug] [2021-03-25T13:14:56.737Z] >>> [apiv2][query] GET https://firebase.googleapis.com/v1beta1/projects/escproject-fdba0/webApps/-/config [none]
[info] ✔  functions: Using node@12 from host. {"metadata":{"emulator":{"name":"functions"},"message":"Using node@12 from host."}}
[debug] [2021-03-25T13:14:56.747Z] defaultcredentials: writing to file /Users/xiangyuanshang/.config/firebase/xiangyuan_shang_gmail.com_application_default_credentials.json
[debug] [2021-03-25T13:14:56.749Z] Setting GAC to /Users/xiangyuanshang/.config/firebase/xiangyuan_shang_gmail.com_application_default_credentials.json {"metadata":{"emulator":{"name":"functions"},"message":"Setting GAC to /Users/xiangyuanshang/.config/firebase/xiangyuan_shang_gmail.com_application_default_credentials.json"}}
[debug] [2021-03-25T13:14:56.749Z] >>> [apiv2][query] GET https://firebase.googleapis.com/v1beta1/projects/escproject-fdba0/adminSdkConfig [none]
[debug] [2021-03-25T13:14:57.117Z] <<< [apiv2][status] GET https://firebase.googleapis.com/v1beta1/projects/escproject-fdba0/adminSdkConfig 200
[debug] [2021-03-25T13:14:57.117Z] <<< [apiv2][body] GET https://firebase.googleapis.com/v1beta1/projects/escproject-fdba0/adminSdkConfig {"projectId":"escproject-fdba0","databaseURL":"https://escproject-fdba0-default-rtdb.firebaseio.com","storageBucket":"escproject-fdba0.appspot.com","locationId":"asia-southeast2"}
[debug] [2021-03-25T13:14:57.898Z] <<< [apiv2][status] GET https://firebase.googleapis.com/v1beta1/projects/escproject-fdba0/webApps/-/config 200
[debug] [2021-03-25T13:14:57.898Z] <<< [apiv2][body] GET https://firebase.googleapis.com/v1beta1/projects/escproject-fdba0/webApps/-/config {"projectId":"escproject-fdba0","appId":"1:639100449155:web:18fcc17ae1620ed1db46b6","databaseURL":"https://escproject-fdba0-default-rtdb.firebaseio.com","storageBucket":"escproject-fdba0.appspot.com","locationId":"asia-southeast2","apiKey":"AIzaSyB8QiVeO7MOXOOT3NlMx_jcSPIqwhI10fE","authDomain":"escproject-fdba0.firebaseapp.com","messagingSenderId":"639100449155","measurementId":"G-9HSYNE4KH6"}
[info] i  functions: Watching "/Users/xiangyuanshang/Documents/GitHub/ESC-C1G1-Project/functions" for Cloud Functions... {"metadata":{"emulator":{"name":"functions"},"message":"Watching \"/Users/xiangyuanshang/Documents/GitHub/ESC-C1G1-Project/functions\" for Cloud Functions..."}}
[debug] [2021-03-25T13:14:57.928Z] [worker-pool] addWorker(~diagnostic~) {"metadata":{"emulator":{"name":"functions"},"message":"[worker-pool] addWorker(~diagnostic~)"}}
[debug] [2021-03-25T13:14:57.928Z] [worker-pool] Adding worker with key ~diagnostic~, total=1 {"metadata":{"emulator":{"name":"functions"},"message":"[worker-pool] Adding worker with key ~diagnostic~, total=1"}}
[debug] [2021-03-25T13:14:57.928Z] [worker-pool] submitWork(triggerId=) {"metadata":{"emulator":{"name":"functions"},"message":"[worker-pool] submitWork(triggerId=)"}}
[debug] [2021-03-25T13:14:57.929Z] [worker-~diagnostic~-10463dab-4f71-407d-9a33-330019a0e279]: Assigning socketPath: /var/folders/nh/h6jcbff53p94kqbl0f8b_kgm0000gn/T/fire_emu_76667.sock {"metadata":{"emulator":{"name":"functions"},"message":"[worker-~diagnostic~-10463dab-4f71-407d-9a33-330019a0e279]: Assigning socketPath: /var/folders/nh/h6jcbff53p94kqbl0f8b_kgm0000gn/T/fire_emu_76667.sock"}}
[debug] [2021-03-25T13:14:57.929Z] [worker-~diagnostic~-10463dab-4f71-407d-9a33-330019a0e279]: BUSY {"metadata":{"emulator":{"name":"functions"},"message":"[worker-~diagnostic~-10463dab-4f71-407d-9a33-330019a0e279]: BUSY"}}
[info] i  hosting: Serving hosting files from: public {"metadata":{"emulator":{"name":"hosting"},"message":"Serving hosting files from: \u001b[1mpublic\u001b[22m"}}
[info] ✔  hosting: Local server: http://localhost:5000 {"metadata":{"emulator":{"name":"hosting"},"message":"Local server: \u001b[4m\u001b[1mhttp://localhost:5000\u001b[22m\u001b[24m"}}
[debug] [2021-03-25T13:14:58.142Z] [runtime-status] [76667] Functions runtime initialized. {"cwd":"/Users/xiangyuanshang/Documents/GitHub/ESC-C1G1-Project/functions","node_version":"12.18.1"} {"metadata":{"emulator":{"name":"functions"},"message":"[runtime-status] [76667] Functions runtime initialized. {\"cwd\":\"/Users/xiangyuanshang/Documents/GitHub/ESC-C1G1-Project/functions\",\"node_version\":\"12.18.1\"}"}}
[debug] [2021-03-25T13:14:58.143Z] [runtime-status] [76667] Disabled runtime features: undefined {"metadata":{"emulator":{"name":"functions"},"message":"[runtime-status] [76667] Disabled runtime features: undefined"}}
[debug] [2021-03-25T13:14:58.147Z] [runtime-status] [76667] Resolved module firebase-admin {"declared":true,"installed":true,"version":"9.5.0","resolution":"/Users/xiangyuanshang/Documents/GitHub/ESC-C1G1-Project/functions/node_modules/firebase-admin/lib/index.js"} {"metadata":{"emulator":{"name":"functions"},"message":"[runtime-status] [76667] Resolved module firebase-admin {\"declared\":true,\"installed\":true,\"version\":\"9.5.0\",\"resolution\":\"/Users/xiangyuanshang/Documents/GitHub/ESC-C1G1-Project/functions/node_modules/firebase-admin/lib/index.js\"}"}}
[debug] [2021-03-25T13:14:58.148Z] [runtime-status] [76667] Resolved module firebase-functions {"declared":true,"installed":true,"version":"3.13.2","resolution":"/Users/xiangyuanshang/Documents/GitHub/ESC-C1G1-Project/functions/node_modules/firebase-functions/lib/index.js"} {"metadata":{"emulator":{"name":"functions"},"message":"[runtime-status] [76667] Resolved module firebase-functions {\"declared\":true,\"installed\":true,\"version\":\"3.13.2\",\"resolution\":\"/Users/xiangyuanshang/Documents/GitHub/ESC-C1G1-Project/functions/node_modules/firebase-functions/lib/index.js\"}"}}
[debug] [2021-03-25T13:14:58.149Z] [runtime-status] [76667] Resolved module firebase-functions {"declared":true,"installed":true,"version":"3.13.2","resolution":"/Users/xiangyuanshang/Documents/GitHub/ESC-C1G1-Project/functions/node_modules/firebase-functions/lib/index.js"} {"metadata":{"emulator":{"name":"functions"},"message":"[runtime-status] [76667] Resolved module firebase-functions {\"declared\":true,\"installed\":true,\"version\":\"3.13.2\",\"resolution\":\"/Users/xiangyuanshang/Documents/GitHub/ESC-C1G1-Project/functions/node_modules/firebase-functions/lib/index.js\"}"}}
[debug] [2021-03-25T13:14:58.150Z] [runtime-status] [76667] Outgoing network have been stubbed. [{"name":"http","status":"mocked"},{"name":"http","status":"mocked"},{"name":"https","status":"mocked"},{"name":"https","status":"mocked"},{"name":"net","status":"mocked"}] {"metadata":{"emulator":{"name":"functions"},"message":"[runtime-status] [76667] Outgoing network have been stubbed. [{\"name\":\"http\",\"status\":\"mocked\"},{\"name\":\"http\",\"status\":\"mocked\"},{\"name\":\"https\",\"status\":\"mocked\"},{\"name\":\"https\",\"status\":\"mocked\"},{\"name\":\"net\",\"status\":\"mocked\"}]"}}
[debug] [2021-03-25T13:14:58.151Z] [runtime-status] [76667] Resolved module firebase-functions {"declared":true,"installed":true,"version":"3.13.2","resolution":"/Users/xiangyuanshang/Documents/GitHub/ESC-C1G1-Project/functions/node_modules/firebase-functions/lib/index.js"} {"metadata":{"emulator":{"name":"functions"},"message":"[runtime-status] [76667] Resolved module firebase-functions {\"declared\":true,\"installed\":true,\"version\":\"3.13.2\",\"resolution\":\"/Users/xiangyuanshang/Documents/GitHub/ESC-C1G1-Project/functions/node_modules/firebase-functions/lib/index.js\"}"}}
[debug] [2021-03-25T13:14:58.234Z] [runtime-status] [76667] Checked functions.config() {"config":{}} {"metadata":{"emulator":{"name":"functions"},"message":"[runtime-status] [76667] Checked functions.config() {\"config\":{}}"}}
[debug] [2021-03-25T13:14:58.234Z] [runtime-status] [76667] firebase-functions has been stubbed. {"functionsResolution":{"declared":true,"installed":true,"version":"3.13.2","resolution":"/Users/xiangyuanshang/Documents/GitHub/ESC-C1G1-Project/functions/node_modules/firebase-functions/lib/index.js"}} {"metadata":{"emulator":{"name":"functions"},"message":"[runtime-status] [76667] firebase-functions has been stubbed. {\"functionsResolution\":{\"declared\":true,\"installed\":true,\"version\":\"3.13.2\",\"resolution\":\"/Users/xiangyuanshang/Documents/GitHub/ESC-C1G1-Project/functions/node_modules/firebase-functions/lib/index.js\"}}"}}
[debug] [2021-03-25T13:14:58.234Z] [runtime-status] [76667] Resolved module firebase-functions {"declared":true,"installed":true,"version":"3.13.2","resolution":"/Users/xiangyuanshang/Documents/GitHub/ESC-C1G1-Project/functions/node_modules/firebase-functions/lib/index.js"} {"metadata":{"emulator":{"name":"functions"},"message":"[runtime-status] [76667] Resolved module firebase-functions {\"declared\":true,\"installed\":true,\"version\":\"3.13.2\",\"resolution\":\"/Users/xiangyuanshang/Documents/GitHub/ESC-C1G1-Project/functions/node_modules/firebase-functions/lib/index.js\"}"}}
[debug] [2021-03-25T13:14:58.235Z] [runtime-status] [76667] Resolved module firebase-admin {"declared":true,"installed":true,"version":"9.5.0","resolution":"/Users/xiangyuanshang/Documents/GitHub/ESC-C1G1-Project/functions/node_modules/firebase-admin/lib/index.js"} {"metadata":{"emulator":{"name":"functions"},"message":"[runtime-status] [76667] Resolved module firebase-admin {\"declared\":true,\"installed\":true,\"version\":\"9.5.0\",\"resolution\":\"/Users/xiangyuanshang/Documents/GitHub/ESC-C1G1-Project/functions/node_modules/firebase-admin/lib/index.js\"}"}}
[debug] [2021-03-25T13:14:58.235Z] [runtime-status] [76667] Resolved module firebase-functions {"declared":true,"installed":true,"version":"3.13.2","resolution":"/Users/xiangyuanshang/Documents/GitHub/ESC-C1G1-Project/functions/node_modules/firebase-functions/lib/index.js"} {"metadata":{"emulator":{"name":"functions"},"message":"[runtime-status] [76667] Resolved module firebase-functions {\"declared\":true,\"installed\":true,\"version\":\"3.13.2\",\"resolution\":\"/Users/xiangyuanshang/Documents/GitHub/ESC-C1G1-Project/functions/node_modules/firebase-functions/lib/index.js\"}"}}
[debug] [2021-03-25T13:14:58.235Z] [runtime-status] [76667] firebase-admin has been stubbed. {"adminResolution":{"declared":true,"installed":true,"version":"9.5.0","resolution":"/Users/xiangyuanshang/Documents/GitHub/ESC-C1G1-Project/functions/node_modules/firebase-admin/lib/index.js"}} {"metadata":{"emulator":{"name":"functions"},"message":"[runtime-status] [76667] firebase-admin has been stubbed. {\"adminResolution\":{\"declared\":true,\"installed\":true,\"version\":\"9.5.0\",\"resolution\":\"/Users/xiangyuanshang/Documents/GitHub/ESC-C1G1-Project/functions/node_modules/firebase-admin/lib/index.js\"}}"}}
[debug] [2021-03-25T13:14:58.237Z] [worker-~diagnostic~-10463dab-4f71-407d-9a33-330019a0e279]: IDLE {"metadata":{"emulator":{"name":"functions"},"message":"[worker-~diagnostic~-10463dab-4f71-407d-9a33-330019a0e279]: IDLE"}}
[info] i  hosting: 127.0.0.1 - - [25/Mar/2021:13:15:06 +0000] "GET / HTTP/1.1" 200 4526 "-" "Mozilla/5.0 (Macintosh; Intel Mac OS X 10_15_6) AppleWebKit/537.36 (KHTML, like Gecko) Chrome/88.0.4324.192 Safari/537.36" {"metadata":{"emulator":{"name":"hosting"},"message":"127.0.0.1 - - [25/Mar/2021:13:15:06 +0000] \"GET / HTTP/1.1\" 200 4526 \"-\" \"Mozilla/5.0 (Macintosh; Intel Mac OS X 10_15_6) AppleWebKit/537.36 (KHTML, like Gecko) Chrome/88.0.4324.192 Safari/537.36\""}}
[info] i  hosting: 127.0.0.1 - - [25/Mar/2021:13:15:06 +0000] "GET /__/firebase/init.js?useEmulator=true HTTP/1.1" 200 - "http://localhost:5000/" "Mozilla/5.0 (Macintosh; Intel Mac OS X 10_15_6) AppleWebKit/537.36 (KHTML, like Gecko) Chrome/88.0.4324.192 Safari/537.36" {"metadata":{"emulator":{"name":"hosting"},"message":"127.0.0.1 - - [25/Mar/2021:13:15:06 +0000] \"GET /__/firebase/init.js?useEmulator=true HTTP/1.1\" 200 - \"http://localhost:5000/\" \"Mozilla/5.0 (Macintosh; Intel Mac OS X 10_15_6) AppleWebKit/537.36 (KHTML, like Gecko) Chrome/88.0.4324.192 Safari/537.36\""}}
[info] i  hosting: 127.0.0.1 - - [25/Mar/2021:13:15:06 +0000] "GET /favicon.ico HTTP/1.1" 200 4526 "http://localhost:5000/" "Mozilla/5.0 (Macintosh; Intel Mac OS X 10_15_6) AppleWebKit/537.36 (KHTML, like Gecko) Chrome/88.0.4324.192 Safari/537.36" {"metadata":{"emulator":{"name":"hosting"},"message":"127.0.0.1 - - [25/Mar/2021:13:15:06 +0000] \"GET /favicon.ico HTTP/1.1\" 200 4526 \"http://localhost:5000/\" \"Mozilla/5.0 (Macintosh; Intel Mac OS X 10_15_6) AppleWebKit/537.36 (KHTML, like Gecko) Chrome/88.0.4324.192 Safari/537.36\""}}
